<?xml version="1.0" encoding="UTF-8"?>
<!-- Generated by org.testng.reporters.JUnitXMLReporter -->
<testsuite ignored="0" hostname="LAPTOP-8UAK4O0H" failures="1" tests="10" name="Surefire test" time="0.042" errors="0" timestamp="15 Apr. 2022 18:21:45 GMT">
  <testcase classname="testing.Testing1" name="f" time="0.0"/>
  <testcase classname="testing.Testing1" name="f" time="0.0"/>
  <testcase classname="testing.Testing1" name="test1" time="0.0"/>
  <testcase classname="testing.Testing1" name="test2" time="0.0"/>
  <testcase classname="testing.Testing1" name="test3" time="0.0"/>
  <testcase classname="testing.Testing2" name="test4" time="0.0"/>
  <testcase classname="testing.Testing2" name="test5" time="0.0"/>
  <testcase classname="testing.Testing3" name="createUser" time="0.001"/>
  <testcase classname="testing.Testing3" name="editUser" time="0.001"/>
  <testcase classname="testing.Testing3" name="deleteUser" time="0.002">
    <failure type="java.lang.AssertionError" message="The following asserts failed:
	Verifying Element expected [true] but found [false]">
      <![CDATA[java.lang.AssertionError: The following asserts failed:
Verifying Element expected [true] but found [false]
at testing.Testing3.deleteUser(Testing3.java:34)
... Removed 30 stack frames]]>
    </failure>
  </testcase> <!-- deleteUser -->
</testsuite> <!-- Surefire test -->
