<?xml version="1.0" encoding="UTF-8"?>
<testng-results ignored="0" total="10" passed="9" failed="1" skipped="0">
  <reporter-output>
  </reporter-output>
  <suite started-at="2022-04-15T18:21:45Z" name="Surefire suite" finished-at="2022-04-15T18:21:45Z" duration-ms="42">
    <groups>
      <group name="smoke">
        <method signature="Testing3.createUser()[pri:1, instance:testing.Testing3@3ba9ad43]" name="createUser" class="testing.Testing3"/>
        <method signature="Testing1.test1()[pri:0, instance:testing.Testing1@6f96c77]" name="test1" class="testing.Testing1"/>
        <method signature="Testing2.test4()[pri:0, instance:testing.Testing2@be64738]" name="test4" class="testing.Testing2"/>
      </group> <!-- smoke -->
      <group name="sanity">
        <method signature="Testing1.test1()[pri:0, instance:testing.Testing1@6f96c77]" name="test1" class="testing.Testing1"/>
        <method signature="Testing2.test5()[pri:0, instance:testing.Testing2@be64738]" name="test5" class="testing.Testing2"/>
      </group> <!-- sanity -->
    </groups>
    <test started-at="2022-04-15T18:21:45Z" name="Surefire test" finished-at="2022-04-15T18:21:45Z" duration-ms="42">
      <class name="testing.Testing1">
        <test-method is-config="true" signature="beforeSuite()[pri:0, instance:testing.Testing1@6f96c77]" started-at="2022-04-15T18:21:45Z" name="beforeSuite" finished-at="2022-04-15T18:21:45Z" duration-ms="11" status="PASS">
          <reporter-output>
          </reporter-output>
        </test-method> <!-- beforeSuite -->
        <test-method is-config="true" signature="beforeTest()[pri:0, instance:testing.Testing1@6f96c77]" started-at="2022-04-15T18:21:45Z" name="beforeTest" finished-at="2022-04-15T18:21:45Z" duration-ms="0" status="PASS">
          <reporter-output>
          </reporter-output>
        </test-method> <!-- beforeTest -->
        <test-method is-config="true" signature="beforeClass()[pri:0, instance:testing.Testing1@6f96c77]" started-at="2022-04-15T18:21:45Z" name="beforeClass" finished-at="2022-04-15T18:21:45Z" duration-ms="0" status="PASS">
          <reporter-output>
          </reporter-output>
        </test-method> <!-- beforeClass -->
        <test-method is-config="true" signature="beforeMethod()[pri:0, instance:testing.Testing1@6f96c77]" started-at="2022-04-15T18:21:45Z" name="beforeMethod" finished-at="2022-04-15T18:21:45Z" duration-ms="0" status="PASS">
          <reporter-output>
          </reporter-output>
        </test-method> <!-- beforeMethod -->
        <test-method signature="f(java.lang.Integer, java.lang.String)[pri:0, instance:testing.Testing1@6f96c77]" started-at="2022-04-15T18:21:45Z" name="f" data-provider="dp" finished-at="2022-04-15T18:21:45Z" duration-ms="0" status="PASS">
          <params>
            <param index="0">
              <value>
                <![CDATA[1]]>
              </value>
            </param>
            <param index="1">
              <value>
                <![CDATA[a]]>
              </value>
            </param>
          </params>
          <reporter-output>
          </reporter-output>
        </test-method> <!-- f -->
        <test-method is-config="true" signature="afterMethod()[pri:0, instance:testing.Testing1@6f96c77]" started-at="2022-04-15T18:21:45Z" name="afterMethod" finished-at="2022-04-15T18:21:45Z" duration-ms="1" status="PASS">
          <reporter-output>
          </reporter-output>
        </test-method> <!-- afterMethod -->
        <test-method is-config="true" signature="afterMethod()[pri:0, instance:testing.Testing1@6f96c77]" started-at="2022-04-15T18:21:45Z" name="afterMethod" finished-at="2022-04-15T18:21:45Z" duration-ms="0" status="PASS">
          <reporter-output>
          </reporter-output>
        </test-method> <!-- afterMethod -->
        <test-method is-config="true" signature="beforeMethod()[pri:0, instance:testing.Testing1@6f96c77]" started-at="2022-04-15T18:21:45Z" name="beforeMethod" finished-at="2022-04-15T18:21:45Z" duration-ms="0" status="PASS">
          <reporter-output>
          </reporter-output>
        </test-method> <!-- beforeMethod -->
        <test-method signature="f(java.lang.Integer, java.lang.String)[pri:0, instance:testing.Testing1@6f96c77]" started-at="2022-04-15T18:21:45Z" name="f" data-provider="dp" finished-at="2022-04-15T18:21:45Z" duration-ms="0" status="PASS">
          <params>
            <param index="0">
              <value>
                <![CDATA[2]]>
              </value>
            </param>
            <param index="1">
              <value>
                <![CDATA[b]]>
              </value>
            </param>
          </params>
          <reporter-output>
          </reporter-output>
        </test-method> <!-- f -->
        <test-method is-config="true" signature="afterMethod()[pri:0, instance:testing.Testing1@6f96c77]" started-at="2022-04-15T18:21:45Z" name="afterMethod" finished-at="2022-04-15T18:21:45Z" duration-ms="1" status="PASS">
          <reporter-output>
          </reporter-output>
        </test-method> <!-- afterMethod -->
        <test-method is-config="true" signature="beforeMethod()[pri:0, instance:testing.Testing1@6f96c77]" started-at="2022-04-15T18:21:45Z" name="beforeMethod" finished-at="2022-04-15T18:21:45Z" duration-ms="0" status="PASS">
          <reporter-output>
          </reporter-output>
        </test-method> <!-- beforeMethod -->
        <test-method signature="test1()[pri:0, instance:testing.Testing1@6f96c77]" started-at="2022-04-15T18:21:45Z" name="test1" finished-at="2022-04-15T18:21:45Z" duration-ms="0" status="PASS">
          <reporter-output>
          </reporter-output>
        </test-method> <!-- test1 -->
        <test-method signature="test2()[pri:0, instance:testing.Testing1@6f96c77]" started-at="2022-04-15T18:21:45Z" name="test2" finished-at="2022-04-15T18:21:45Z" duration-ms="0" status="PASS">
          <reporter-output>
          </reporter-output>
        </test-method> <!-- test2 -->
        <test-method is-config="true" signature="beforeMethod()[pri:0, instance:testing.Testing1@6f96c77]" started-at="2022-04-15T18:21:45Z" name="beforeMethod" finished-at="2022-04-15T18:21:45Z" duration-ms="0" status="PASS">
          <reporter-output>
          </reporter-output>
        </test-method> <!-- beforeMethod -->
        <test-method is-config="true" signature="afterMethod()[pri:0, instance:testing.Testing1@6f96c77]" started-at="2022-04-15T18:21:45Z" name="afterMethod" finished-at="2022-04-15T18:21:45Z" duration-ms="0" status="PASS">
          <reporter-output>
          </reporter-output>
        </test-method> <!-- afterMethod -->
        <test-method is-config="true" signature="beforeMethod()[pri:0, instance:testing.Testing1@6f96c77]" started-at="2022-04-15T18:21:45Z" name="beforeMethod" finished-at="2022-04-15T18:21:45Z" duration-ms="0" status="PASS">
          <reporter-output>
          </reporter-output>
        </test-method> <!-- beforeMethod -->
        <test-method signature="test3()[pri:0, instance:testing.Testing1@6f96c77]" started-at="2022-04-15T18:21:45Z" name="test3" finished-at="2022-04-15T18:21:45Z" duration-ms="0" status="PASS">
          <reporter-output>
          </reporter-output>
        </test-method> <!-- test3 -->
        <test-method is-config="true" signature="afterMethod()[pri:0, instance:testing.Testing1@6f96c77]" started-at="2022-04-15T18:21:45Z" name="afterMethod" finished-at="2022-04-15T18:21:45Z" duration-ms="1" status="PASS">
          <reporter-output>
          </reporter-output>
        </test-method> <!-- afterMethod -->
        <test-method is-config="true" signature="afterClass()[pri:0, instance:testing.Testing1@6f96c77]" started-at="2022-04-15T18:21:45Z" name="afterClass" finished-at="2022-04-15T18:21:45Z" duration-ms="0" status="PASS">
          <reporter-output>
          </reporter-output>
        </test-method> <!-- afterClass -->
        <test-method is-config="true" signature="afterTest()[pri:0, instance:testing.Testing1@6f96c77]" started-at="2022-04-15T18:21:45Z" name="afterTest" finished-at="2022-04-15T18:21:45Z" duration-ms="1" status="PASS">
          <reporter-output>
          </reporter-output>
        </test-method> <!-- afterTest -->
        <test-method is-config="true" signature="afterSuite()[pri:0, instance:testing.Testing1@6f96c77]" started-at="2022-04-15T18:21:45Z" name="afterSuite" finished-at="2022-04-15T18:21:45Z" duration-ms="0" status="PASS">
          <reporter-output>
          </reporter-output>
        </test-method> <!-- afterSuite -->
      </class> <!-- testing.Testing1 -->
      <class name="testing.Testing3">
        <test-method signature="createUser()[pri:1, instance:testing.Testing3@3ba9ad43]" started-at="2022-04-15T18:21:45Z" name="createUser" finished-at="2022-04-15T18:21:45Z" duration-ms="1" status="PASS">
          <reporter-output>
          </reporter-output>
        </test-method> <!-- createUser -->
        <test-method signature="editUser()[pri:2, instance:testing.Testing3@3ba9ad43]" started-at="2022-04-15T18:21:45Z" name="editUser" finished-at="2022-04-15T18:21:45Z" depends-on-methods="testing.Testing3.createUser" duration-ms="1" status="PASS">
          <reporter-output>
          </reporter-output>
        </test-method> <!-- editUser -->
        <test-method signature="deleteUser()[pri:3, instance:testing.Testing3@3ba9ad43]" started-at="2022-04-15T18:21:45Z" name="deleteUser" finished-at="2022-04-15T18:21:45Z" depends-on-methods="testing.Testing3.editUser" duration-ms="2" status="FAIL">
          <exception class="java.lang.AssertionError">
            <message>
              <![CDATA[The following asserts failed:
Verifying Element expected [true] but found [false]]]>
            </message>
            <full-stacktrace>
              <![CDATA[java.lang.AssertionError: The following asserts failed:
Verifying Element expected [true] but found [false]
at org.testng.asserts.SoftAssert.assertAll(SoftAssert.java:43)
at testing.Testing3.deleteUser(Testing3.java:34)
at java.base/jdk.internal.reflect.NativeMethodAccessorImpl.invoke0(Native Method)
at java.base/jdk.internal.reflect.NativeMethodAccessorImpl.invoke(NativeMethodAccessorImpl.java:62)
at java.base/jdk.internal.reflect.DelegatingMethodAccessorImpl.invoke(DelegatingMethodAccessorImpl.java:43)
at java.base/java.lang.reflect.Method.invoke(Method.java:566)
at org.testng.internal.MethodInvocationHelper.invokeMethod(MethodInvocationHelper.java:124)
at org.testng.internal.Invoker.invokeMethod(Invoker.java:583)
at org.testng.internal.Invoker.invokeTestMethod(Invoker.java:719)
at org.testng.internal.Invoker.invokeTestMethods(Invoker.java:989)
at org.testng.internal.TestMethodWorker.invokeTestMethods(TestMethodWorker.java:125)
at org.testng.internal.TestMethodWorker.run(TestMethodWorker.java:109)
at org.testng.TestRunner.privateRun(TestRunner.java:648)
at org.testng.TestRunner.run(TestRunner.java:505)
at org.testng.SuiteRunner.runTest(SuiteRunner.java:455)
at org.testng.SuiteRunner.runSequentially(SuiteRunner.java:450)
at org.testng.SuiteRunner.privateRun(SuiteRunner.java:415)
at org.testng.SuiteRunner.run(SuiteRunner.java:364)
at org.testng.SuiteRunnerWorker.runSuite(SuiteRunnerWorker.java:52)
at org.testng.SuiteRunnerWorker.run(SuiteRunnerWorker.java:84)
at org.testng.TestNG.runSuitesSequentially(TestNG.java:1208)
at org.testng.TestNG.runSuitesLocally(TestNG.java:1137)
at org.testng.TestNG.runSuites(TestNG.java:1049)
at org.testng.TestNG.run(TestNG.java:1017)
at org.apache.maven.surefire.testng.TestNGExecutor.run(TestNGExecutor.java:132)
at org.apache.maven.surefire.testng.TestNGDirectoryTestSuite.executeMulti(TestNGDirectoryTestSuite.java:193)
at org.apache.maven.surefire.testng.TestNGDirectoryTestSuite.execute(TestNGDirectoryTestSuite.java:94)
at org.apache.maven.surefire.testng.TestNGProvider.invoke(TestNGProvider.java:147)
at org.apache.maven.surefire.booter.ForkedBooter.invokeProviderInSameClassLoader(ForkedBooter.java:290)
at org.apache.maven.surefire.booter.ForkedBooter.runSuitesInProcess(ForkedBooter.java:242)
at org.apache.maven.surefire.booter.ForkedBooter.main(ForkedBooter.java:121)
]]>
            </full-stacktrace>
          </exception> <!-- java.lang.AssertionError -->
          <reporter-output>
          </reporter-output>
        </test-method> <!-- deleteUser -->
      </class> <!-- testing.Testing3 -->
      <class name="testing.Testing2">
        <test-method signature="test5()[pri:0, instance:testing.Testing2@be64738]" started-at="2022-04-15T18:21:45Z" name="test5" finished-at="2022-04-15T18:21:45Z" duration-ms="0" status="PASS">
          <reporter-output>
          </reporter-output>
        </test-method> <!-- test5 -->
        <test-method signature="test4()[pri:0, instance:testing.Testing2@be64738]" started-at="2022-04-15T18:21:45Z" name="test4" finished-at="2022-04-15T18:21:45Z" duration-ms="0" status="PASS">
          <reporter-output>
          </reporter-output>
        </test-method> <!-- test4 -->
      </class> <!-- testing.Testing2 -->
    </test> <!-- Surefire test -->
  </suite> <!-- Surefire suite -->
</testng-results>
