<?xml version="1.0" encoding="UTF-8"?>
<testsuite xmlns:xsi="http://www.w3.org/2001/XMLSchema-instance" xsi:schemaLocation="https://maven.apache.org/surefire/maven-surefire-plugin/xsd/surefire-test-report.xsd" name="TestSuite" time="0.992" tests="10" errors="0" skipped="0" failures="1">
  <properties>
    <property name="PROCESSOR_ARCHITECTURE" value="AMD64"/>
    <property name="LOGONSERVER" value="\\LAPTOP-8UAK4O0H"/>
    <property name="ProgramData" value="C:\ProgramData"/>
    <property name="java.home" value="C:\Program Files\Java\jdk-11.0.14"/>
    <property name="NODE_NAME" value="built-in"/>
    <property name="JENKINS_URL" value="http://localhost:8080/"/>
    <property name="xmlFiles" value="testing.xml"/>
    <property name="ALLUSERSPROFILE" value="C:\ProgramData"/>
    <property name="PSModulePath" value="C:\Program Files\WindowsPowerShell\Modules;C:\WINDOWS\system32\WindowsPowerShell\v1.0\Modules;C:\Program Files (x86)\Microsoft SQL Server\120\Tools\PowerShell\Modules\"/>
    <property name="=::" value="::\"/>
    <property name="USERDOMAIN" value="LAPTOP-8UAK4O0H"/>
    <property name="sun.os.patch.level" value=""/>
    <property name="java.vendor.url" value="https://openjdk.java.net/"/>
    <property name="CommonProgramFiles(x86)" value="C:\Program Files (x86)\Common Files"/>
    <property name="java.version" value="11.0.14"/>
    <property name="JOB_NAME" value="RegressionTest"/>
    <property name="COMPUTERNAME" value="LAPTOP-8UAK4O0H"/>
    <property name="java.vendor.url.bug" value="https://bugreport.java.com/bugreport/"/>
    <property name="PUBLIC" value="C:\Users\Public"/>
    <property name="java.version.date" value="2022-01-18"/>
    <property name="jdk.debug" value="release"/>
    <property name="ChocolateyLastPathUpdate" value="132895107410143162"/>
    <property name="user.name" value="adity"/>
    <property name="sun.io.unicode.encoding" value="UnicodeLittle"/>
    <property name="sun.jnu.encoding" value="Cp1252"/>
    <property name="java.runtime.name" value="Java(TM) SE Runtime Environment"/>
    <property name="windir" value="C:\WINDOWS"/>
    <property name="SW_SIM_MPIT" value="INTELMPI"/>
    <property name="PROCESSOR_IDENTIFIER" value="AMD64 Family 23 Model 24 Stepping 1, AuthenticAMD"/>
    <property name="java.specification.name" value="Java Platform API Specification"/>
    <property name="LOCALAPPDATA" value="C:\Users\adity\AppData\Local"/>
    <property name="RUN_CHANGES_DISPLAY_URL" value="http://localhost:8080/job/RegressionTest/1/display/redirect?page=changes"/>
    <property name="user.timezone" value="America/New_York"/>
    <property name="user.script" value=""/>
    <property name="path.separator" value=";"/>
    <property name="NUMBER_OF_PROCESSORS" value="8"/>
    <property name="BUILD_TAG" value="jenkins-RegressionTest-1"/>
    <property name="file.encoding" value="Cp1252"/>
    <property name="sun.java.command" value="jenkins.maven3.agent.Maven35Main C:\apache-maven-3.8.4 C:\Users\adity\.jenkins\war\WEB-INF\lib\remoting-4.13.jar C:\Users\adity\.jenkins\plugins\maven-plugin\WEB-INF\lib\maven35-interceptor-1.13.jar C:\Users\adity\.jenkins\plugins\maven-plugin\WEB-INF\lib\maven3-interceptor-commons-1.13.jar 57960"/>
    <property name="HUDSON_URL" value="http://localhost:8080/"/>
    <property name="AWP_ROOT201" value="C:\Program Files\ANSYS Inc\v201"/>
    <property name="JENKINS_SERVER_COOKIE" value="1cda301ea5cd3ff1"/>
    <property name="EXECUTOR_NUMBER" value="1"/>
    <property name="Path" value="C:\Program Files\Java\jdk-11.0.14/bin;C:\Python310\Scripts\;C:\Python310\;C:\Program Files\Common Files\Oracle\Java\javapath;C:\Program Files (x86)\NVIDIA Corporation\PhysX\Common;C:\WINDOWS\system32;C:\WINDOWS;C:\WINDOWS\System32\Wbem;C:\WINDOWS\System32\WindowsPowerShell\v1.0\;C:\WINDOWS\System32\OpenSSH\;C:\Program Files\Microsoft SQL Server\Client SDK\ODBC\110\Tools\Binn\;C:\Program Files (x86)\Microsoft SQL Server\120\Tools\Binn\;C:\Program Files\Microsoft SQL Server\120\Tools\Binn\;C:\Program Files\Microsoft SQL Server\120\DTS\Binn\;C:\Program Files (x86)\Windows Kits\8.1\Windows Performance Toolkit\;C:\Program Files\Java\jdk-17\bin;C:\Program Files\Java\jdk-14.0.2\bin;C:\Testing\apache-ant-1.10.12\bin;C:\apache-maven-3.8.4\bin;C:\Program Files\nodejs\;C:\ProgramData\chocolatey\bin;C:\Program Files\Java\jdk-11.0.14\bin;C:\Program Files\Git\cmd;C:\Users\adity\AppData\Local\Microsoft\WindowsApps;C:\Users\adity\AppData\Roaming\npm"/>
    <property name="java.io.tmpdir" value="C:\Users\adity\AppData\Local\Temp\"/>
    <property name="APPDATA" value="C:\Users\adity\AppData\Roaming"/>
    <property name="user.language" value="en"/>
    <property name="line.separator" value="&#10;"/>
    <property name="BUILD_URL" value="http://localhost:8080/job/RegressionTest/1/"/>
    <property name="M2_HOME" value="C:\apache-maven-3.8.4"/>
    <property name="SW_SIM_HYDRA" value="C:\Program Files\Common Files\SolidWorks Shared\Simulation Worker Agent\"/>
    <property name="=C:" value="C:\Users\adity"/>
    <property name="java.vm.info" value="mixed mode"/>
    <property name="DriverData" value="C:\Windows\System32\Drivers\DriverData"/>
    <property name="sun.desktop" value="windows"/>
    <property name="java.vm.specification.name" value="Java Virtual Machine Specification"/>
    <property name="CI" value="true"/>
    <property name="BUILD_DISPLAY_NAME" value="#1"/>
    <property name="OS" value="Windows_NT"/>
    <property name="guice.disable.misplaced.annotation.check" value="true"/>
    <property name="HUDSON_SERVER_COOKIE" value="1cda301ea5cd3ff1"/>
    <property name="WORKSPACE_TMP" value="C:\Users\adity\.jenkins\workspace\RegressionTest@tmp"/>
    <property name="MAVEN_HOME" value="C:\apache-maven-3.8.4"/>
    <property name="SESSIONNAME" value="Console"/>
    <property name="PATHEXT" value=".COM;.EXE;.BAT;.CMD;.VBS;.VBE;.JS;.JSE;.WSF;.WSH;.MSC;.PY;.PYW"/>
    <property name="java.awt.printerjob" value="sun.awt.windows.WPrinterJob"/>
    <property name="maven3.interceptor.common" value="C:\Users\adity\.jenkins\plugins\maven-plugin\WEB-INF\lib\maven3-interceptor-commons-1.13.jar"/>
    <property name="CLASSPATH" value=""/>
    <property name="ICEMCFD_SYSDIR" value="win64_amd"/>
    <property name="P_SCHEMA" value="C:\Program Files\ANSYS Inc\v201\AISOL\CADIntegration\Parasolid\PSchema"/>
    <property name="ANS_OLD_ATTACH" value="1"/>
    <property name="jansi.mode" value="strip"/>
    <property name="HOMEPATH" value="\Users\adity"/>
    <property name="os.name" value="Windows 11"/>
    <property name="java.specification.vendor" value="Oracle Corporation"/>
    <property name="BUILD_NUMBER" value="1"/>
    <property name="java.vm.name" value="Java HotSpot(TM) 64-Bit Server VM"/>
    <property name="maven3.interceptor" value="C:\Users\adity\.jenkins\plugins\maven-plugin\WEB-INF\lib\maven35-interceptor-1.13.jar"/>
    <property name="java.library.path" value="C:\Program Files\Java\jdk-11.0.14\bin;C:\WINDOWS\Sun\Java\bin;C:\WINDOWS\system32;C:\WINDOWS;C:\apache-maven-3.8.4/bin;C:\Program Files\Java\jdk-11.0.14/bin;C:\Program Files\Java\jdk-11.0.14/bin;C:\Python310\Scripts\;C:\Python310\;C:\Program Files\Common Files\Oracle\Java\javapath;C:\Program Files (x86)\NVIDIA Corporation\PhysX\Common;C:\WINDOWS\system32;C:\WINDOWS;C:\WINDOWS\System32\Wbem;C:\WINDOWS\System32\WindowsPowerShell\v1.0\;C:\WINDOWS\System32\OpenSSH\;C:\Program Files\Microsoft SQL Server\Client SDK\ODBC\110\Tools\Binn\;C:\Program Files (x86)\Microsoft SQL Server\120\Tools\Binn\;C:\Program Files\Microsoft SQL Server\120\Tools\Binn\;C:\Program Files\Microsoft SQL Server\120\DTS\Binn\;C:\Program Files (x86)\Windows Kits\8.1\Windows Performance Toolkit\;C:\Program Files\Java\jdk-17\bin;C:\Program Files\Java\jdk-14.0.2\bin;C:\Testing\apache-ant-1.10.12\bin;C:\apache-maven-3.8.4\bin;C:\Program Files\nodejs\;C:\ProgramData\chocolatey\bin;C:\Program Files\Java\jdk-11.0.14\bin;C:\Program Files\Git\cmd;C:\Users\adity\AppData\Local\Microsoft\WindowsApps;C:\Users\adity\AppData\Roaming\npm;."/>
    <property name="lstc_file" value="c:\lsdyna\program\lstc_file"/>
    <property name="HOMEDRIVE" value="C:"/>
    <property name="java.class.version" value="55.0"/>
    <property name="JOB_URL" value="http://localhost:8080/job/RegressionTest/"/>
    <property name="ANT_HOME" value="C:\Testing\apache-ant-1.10.12"/>
    <property name="OneDrive" value="C:\Users\adity\OneDrive"/>
    <property name="RUN_DISPLAY_URL" value="http://localhost:8080/job/RegressionTest/1/display/redirect"/>
    <property name="JENKINS_HOME" value="C:\Users\adity\.jenkins"/>
    <property name="BUILD_ID" value="1"/>
    <property name="TEMP" value="C:\Users\adity\AppData\Local\Temp"/>
    <property name="sun.boot.library.path" value="C:\Program Files\Java\jdk-11.0.14\bin"/>
    <property name="sun.management.compiler" value="HotSpot 64-Bit Tiered Compilers"/>
    <property name="java.awt.graphicsenv" value="sun.awt.Win32GraphicsEnvironment"/>
    <property name="user.variant" value=""/>
    <property name="PROCESSOR_REVISION" value="1801"/>
    <property name="HUDSON_HOME" value="C:\Users\adity\.jenkins"/>
    <property name="ProgramFiles(x86)" value="C:\Program Files (x86)"/>
    <property name="PATH+MAVEN" value="C:\apache-maven-3.8.4/bin"/>
    <property name="USERDOMAIN_ROAMINGPROFILE" value="LAPTOP-8UAK4O0H"/>
    <property name="RUN_ARTIFACTS_DISPLAY_URL" value="http://localhost:8080/job/RegressionTest/1/display/redirect?page=artifacts"/>
    <property name="PROMPT" value="$P$G"/>
    <property name="java.vm.specification.version" value="11"/>
    <property name="JAVA_HOME" value="C:\Program Files\Java\jdk-11.0.14"/>
    <property name="awt.toolkit" value="sun.awt.windows.WToolkit"/>
    <property name="NODE_LABELS" value="built-in"/>
    <property name="sun.cpu.isalist" value="amd64"/>
    <property name="USERPROFILE" value="C:\Users\adity"/>
    <property name="ICEMCFD_ROOT201" value="C:\Program Files\ANSYS Inc\v201\icemcfd"/>
    <property name="java.vm.compressedOopsMode" value="32-bit"/>
    <property name="JOB_DISPLAY_URL" value="http://localhost:8080/job/RegressionTest/display/redirect"/>
    <property name="os.version" value="10.0"/>
    <property name="user.home" value="C:\Users\adity"/>
    <property name="USERNAME" value="adity"/>
    <property name="AWP_LOCALE201" value="en-us"/>
    <property name="java.vm.vendor" value="Oracle Corporation"/>
    <property name="PROCESSOR_LEVEL" value="23"/>
    <property name="CommonProgramW6432" value="C:\Program Files\Common Files"/>
    <property name="CADOE_LIBDIR201" value="C:\Program Files\ANSYS Inc\v201\CommonFiles\Language\en-us"/>
    <property name="user.dir" value="C:\Users\adity\OneDrive\Desktop\Nikul learning\Selenium_Workspace\MavenProject58"/>
    <property name="maven.conf" value="C:\apache-maven-3.8.4\conf"/>
    <property name="ProgramW6432" value="C:\Program Files"/>
    <property name="TMP" value="C:\Users\adity\AppData\Local\Temp"/>
    <property name="sun.cpu.endian" value="little"/>
    <property name="SystemDrive" value="C:"/>
    <property name="java.vm.version" value="11.0.14+8-LTS-263"/>
    <property name="java.class.path" value="C:\Users\adity\.jenkins\plugins\maven-plugin\WEB-INF\lib\maven35-agent-1.13.jar;C:\apache-maven-3.8.4\boot\plexus-classworlds-2.6.0.jar;C:\apache-maven-3.8.4/conf/logging"/>
    <property name="org.slf4j.simpleLogger.defaultLogLevel" value="info"/>
    <property name="os.arch" value="amd64"/>
    <property name="WORKSPACE" value="C:\Users\adity\.jenkins\workspace\RegressionTest"/>
    <property name="ComSpec" value="C:\WINDOWS\system32\cmd.exe"/>
    <property name="RUN_TESTS_DISPLAY_URL" value="http://localhost:8080/job/RegressionTest/1/display/redirect?page=tests"/>
    <property name="sun.java.launcher" value="SUN_STANDARD"/>
    <property name="FPS_BROWSER_APP_PROFILE_STRING" value="Internet Explorer"/>
    <property name="SystemRoot" value="C:\WINDOWS"/>
    <property name="CommonProgramFiles" value="C:\Program Files\Common Files"/>
    <property name="java.vm.specification.vendor" value="Oracle Corporation"/>
    <property name="FPS_BROWSER_USER_PROFILE_STRING" value="Default"/>
    <property name="LSTC_LICENSE" value="local"/>
    <property name="file.separator" value="\"/>
    <property name="ChocolateyInstall" value="C:\ProgramData\chocolatey"/>
    <property name="java.runtime.version" value="11.0.14+8-LTS-263"/>
    <property name="ProgramFiles" value="C:\Program Files"/>
    <property name="PATH+JDK" value="C:\Program Files\Java\jdk-11.0.14/bin"/>
    <property name="user.country" value="CA"/>
    <property name="maven.home" value="C:\apache-maven-3.8.4"/>
    <property name="JOB_BASE_NAME" value="RegressionTest"/>
    <property name="java.vendor.version" value="18.9"/>
    <property name="java.vendor" value="Oracle Corporation"/>
    <property name="java.specification.version" value="11"/>
    <property name="sun.arch.data.model" value="64"/>
    <property name="SW_SIM_TEMP" value="C:\ProgramData\SOLIDWORKS\SW_net_sim_temp\"/>
  </properties>
  <testcase name="f" classname="testing.Testing1" time="0.001"/>
  <testcase name="f" classname="testing.Testing1" time="0"/>
  <testcase name="test1" classname="testing.Testing1" time="0"/>
  <testcase name="test2" classname="testing.Testing1" time="0.001"/>
  <testcase name="test3" classname="testing.Testing1" time="0"/>
  <testcase name="test4" classname="testing.Testing2" time="0"/>
  <testcase name="test5" classname="testing.Testing2" time="0"/>
  <testcase name="createUser" classname="testing.Testing3" time="0.001"/>
  <testcase name="editUser" classname="testing.Testing3" time="0.001"/>
  <testcase name="deleteUser" classname="testing.Testing3" time="0.008">
    <failure message="The following asserts failed:&#10;	Verifying Element expected [true] but found [false]" type="java.lang.AssertionError">java.lang.AssertionError: 
The following asserts failed:
	Verifying Element expected [true] but found [false]
	at testing.Testing3.deleteUser(Testing3.java:34)
</failure>
    <system-out><![CDATA[I am in end Test
Before assertion
After assertion
After second assertion
]]></system-out>
  </testcase>
</testsuite>